
08:52:17PM SERVER   - ****************************************
08:52:17PM SERVER   - Web UI started at: http://lilliput1:4000
08:52:17PM SERVER   - ****************************************
08:52:21PM SPOTIFY  - Valid Token: $c7ad98a3-eded-4506-920b-7eb73b65c0ae
08:52:21PM SERVER   - 48ff6b065067555039091087 is unknown, asking for identity
08:52:22PM SERVER   - 48ff6b065067555039091087 identified as audio
08:52:22PM DEVICE   - < network connect SYNACK
08:52:23PM DEVICE   - > status network connected true
08:52:23PM DEVICE   - > network connect ACK
08:52:23PM DEVICE   - < radio/station 879
08:52:23PM DEVICE   - < radio/volume 15
08:52:23PM DEVICE   - < status/all 1
08:52:24PM DEVICE   - > status power state on
08:52:24PM DEVICE   - > status volume level 32
08:52:30PM DEVICE   - > status volume level 31
08:52:31PM DEVICE   - > enc  down
08:52:31PM DEVICE   - > status volume level 30
08:52:31PM DEVICE   - > enc  down
08:52:31PM DEVICE   - > status volume level 29
08:52:31PM DEVICE   - > enc  down
08:52:31PM DEVICE   - > status volume level 28
08:52:31PM DEVICE   - > enc  down
08:52:31PM DEVICE   - > status volume level 27
08:52:31PM DEVICE   - > enc  down
08:52:31PM DEVICE   - > status volume level 26
08:52:31PM DEVICE   - > enc  down
08:52:31PM DEVICE   - > status volume level 25
08:52:31PM DEVICE   - > enc  down
08:52:31PM DEVICE   - > status volume level 24
08:52:31PM DEVICE   - > enc  down
08:52:32PM DEVICE   - > status volume level 25
08:52:32PM DEVICE   - > enc  up
08:52:32PM DEVICE   - > status volume level 26
08:52:32PM DEVICE   - > enc  up
08:52:32PM DEVICE   - > status volume level 27
08:52:32PM DEVICE   - > enc  up
08:52:32PM DEVICE   - > status volume level 28
08:52:32PM DEVICE   - > enc  up
08:52:33PM DEVICE   - > status volume level 29
08:52:33PM DEVICE   - > enc  up
08:52:33PM DEVICE   - > status volume level 30
08:52:33PM DEVICE   - > enc  up
08:52:33PM DEVICE   - > status volume level 31
08:52:33PM DEVICE   - > enc  up
08:52:33PM DEVICE   - > status volume level 32
08:52:33PM DEVICE   - > enc  up
08:52:33PM DEVICE   - > status volume level 33
08:52:33PM DEVICE   - > enc  up
08:52:34PM DEVICE   - > status volume level 32
08:52:34PM DEVICE   - > enc  down
08:52:35PM DEVICE   - > status volume level 31
08:52:35PM DEVICE   - > enc  down
08:52:35PM DEVICE   - > status volume level 30
08:52:35PM DEVICE   - > enc  down
08:52:35PM DEVICE   - > status volume level 29
08:52:35PM DEVICE   - > enc  down
08:52:35PM DEVICE   - > status volume level 28
08:52:35PM DEVICE   - > enc  down
08:52:35PM DEVICE   - > status volume level 27
08:52:35PM DEVICE   - > enc  down
08:52:35PM DEVICE   - > status volume level 26
08:52:36PM DEVICE   - > enc  down
08:52:36PM DEVICE   - > status volume level 25
08:52:36PM DEVICE   - > enc  down
08:52:36PM DEVICE   - > status volume level 24
08:52:36PM DEVICE   - > enc  down
08:52:37PM DEVICE   - > status volume level 25
08:52:37PM DEVICE   - > enc  up
08:52:37PM DEVICE   - > status volume level 26
08:52:37PM DEVICE   - > enc  up
08:52:37PM DEVICE   - > status volume level 27
08:52:37PM DEVICE   - > enc  up
08:52:37PM DEVICE   - > status volume level 28
08:52:37PM DEVICE   - > enc  up
08:52:37PM DEVICE   - > status volume level 29
08:52:37PM DEVICE   - > enc  up
08:52:37PM DEVICE   - > status volume level 30
08:52:37PM DEVICE   - > enc  up
08:52:37PM DEVICE   - > status volume level 31
08:52:37PM DEVICE   - > enc  up
08:52:37PM DEVICE   - > status volume level 32
08:52:37PM DEVICE   - > enc  up
08:52:37PM DEVICE   - > status volume level 33
08:52:37PM DEVICE   - > enc  up
08:52:38PM DEVICE   - > status volume level 34
08:52:38PM DEVICE   - > enc  up
08:52:38PM DEVICE   - > status volume level 35
08:52:38PM DEVICE   - > enc  up
08:52:39PM DEVICE   - > status volume level 36
08:52:39PM DEVICE   - > enc  up
08:52:39PM DEVICE   - > status volume level 37
08:52:39PM DEVICE   - > enc  up
08:52:39PM DEVICE   - > status volume level 38
08:52:39PM DEVICE   - > enc  up
08:52:39PM DEVICE   - > status volume level 39
08:52:39PM DEVICE   - > enc  up
08:52:39PM DEVICE   - > status volume level 40
08:52:39PM DEVICE   - > enc  up
08:52:39PM DEVICE   - > status volume level 41
08:52:39PM DEVICE   - > enc  up
08:52:40PM DEVICE   - > status volume level 40
08:52:41PM DEVICE   - > enc  down
08:52:41PM DEVICE   - > status volume level 39
08:52:41PM DEVICE   - > enc  down
08:52:41PM DEVICE   - > status volume level 38
08:52:41PM DEVICE   - > enc  down
08:52:41PM DEVICE   - > status volume level 37
08:52:41PM DEVICE   - > enc  down
08:52:41PM DEVICE   - > status volume level 36
08:52:41PM DEVICE   - > enc  down
08:52:41PM DEVICE   - > status volume level 35
08:52:41PM DEVICE   - > enc  down
08:52:41PM DEVICE   - > status volume level 34
08:52:41PM DEVICE   - > enc  down
08:52:41PM DEVICE   - > status volume level 33
08:52:41PM DEVICE   - > enc  down
08:52:42PM DEVICE   - > status volume level 32
08:52:42PM DEVICE   - > enc  down
08:52:42PM DEVICE   - > status volume level 31
08:52:42PM DEVICE   - > enc  down
08:52:42PM DEVICE   - > status volume level 30
08:52:42PM DEVICE   - > enc  down
08:52:42PM DEVICE   - > status volume level 29
08:52:42PM DEVICE   - > enc  down
08:52:43PM DEVICE   - > status volume level 28
08:52:43PM DEVICE   - > enc  down
08:52:43PM DEVICE   - > status volume level 27
08:52:43PM DEVICE   - > enc  down
08:52:43PM DEVICE   - > status volume level 26
08:52:43PM DEVICE   - > enc  down
08:52:43PM DEVICE   - > status volume level 27
08:52:43PM DEVICE   - > enc  up
08:52:43PM DEVICE   - > status volume level 28
08:52:43PM DEVICE   - > enc  up
08:52:43PM DEVICE   - > status volume level 29
08:52:43PM DEVICE   - > enc  up
08:52:43PM DEVICE   - > status volume level 30
08:52:44PM DEVICE   - > enc  up
08:52:44PM DEVICE   - > status volume level 31
08:52:44PM DEVICE   - > enc  up
08:52:44PM DEVICE   - > status volume level 32
08:52:44PM DEVICE   - > enc  up
08:52:44PM DEVICE   - > status volume level 33
08:52:44PM DEVICE   - > enc  up
08:52:44PM DEVICE   - > status volume level 34
08:52:44PM DEVICE   - > enc  up
08:52:44PM DEVICE   - > status volume level 35
08:52:44PM DEVICE   - > enc  up
08:52:44PM DEVICE   - > status volume level 36
08:52:44PM DEVICE   - > enc  up
08:52:44PM DEVICE   - > status volume level 37
08:52:44PM DEVICE   - > enc  up
08:52:45PM DEVICE   - > status volume level 38
08:52:45PM DEVICE   - > enc  up
08:52:48PM DEVICE   - < volume set 37
08:52:48PM DEVICE   - < volume set 36
08:52:48PM DEVICE   - < volume set 35
08:52:49PM DEVICE   - < volume set 34
08:52:49PM DEVICE   - < volume set 33
08:52:49PM DEVICE   - < volume set 32
08:52:49PM DEVICE   - < volume set 31
08:52:49PM DEVICE   - < volume set 30
08:52:49PM DEVICE   - < volume set 29
08:52:49PM DEVICE   - < volume set 28
08:52:52PM DEVICE   - < volume set 29
08:52:52PM DEVICE   - < volume set 30
08:52:53PM DEVICE   - < volume set 31
08:52:53PM DEVICE   - < volume set 32
08:52:53PM DEVICE   - < volume set 33
08:52:53PM DEVICE   - < volume set 34
08:52:53PM DEVICE   - < volume set 35
08:52:53PM DEVICE   - < volume set 36
08:52:54PM DEVICE   - < volume set 37
08:52:54PM DEVICE   - < volume set 38
08:52:54PM DEVICE   - < volume set 39
08:52:54PM DEVICE   - < volume set 40
08:53:21PM DEVICE   - > network disconnect 1
08:53:21PM DEVICE   - > status network connected false
08:53:21PM DEVICE   - DISCONNECTED DEVICE, RESET TEH BITCH
08:53:21PM DEVICE   - > status power state off
08:53:21PM DEVICE   - > status volume level 0
08:53:21PM DEVICE   - > status network connected true
08:53:21PM DEVICE   - > network connect SYN
08:53:21PM DEVICE   - < network connect SYNACK
08:53:21PM DEVICE   - > network connect SYN
08:53:21PM DEVICE   - < network connect SYNACK
08:53:22PM DEVICE   - > network connect ACK
08:53:22PM DEVICE   - < radio/station 879
08:53:22PM DEVICE   - < radio/volume 15
08:53:22PM DEVICE   - < status/all 1
08:53:22PM DEVICE   - > network connect ACK
08:53:22PM DEVICE   - < radio/station 879
08:53:22PM DEVICE   - < radio/volume 15
08:53:22PM DEVICE   - < status/all 1
08:53:23PM DEVICE   - > status power state on
08:53:23PM DEVICE   - > status volume level 40
08:54:09PM DEVICE   - < volume set 39
08:54:09PM DEVICE   - < volume set 40
08:54:09PM DEVICE   - < volume set 41
08:54:09PM DEVICE   - < volume set 42
08:54:10PM DEVICE   - < volume set 43
08:54:10PM DEVICE   - < volume set 44
08:54:10PM DEVICE   - < volume set 45
08:54:10PM DEVICE   - < volume set 46
08:54:10PM DEVICE   - < volume set 47
08:54:10PM DEVICE   - < volume set 48
08:54:10PM DEVICE   - < volume set 49
08:54:10PM DEVICE   - < volume set 50
08:54:10PM DEVICE   - < volume set 51
08:54:11PM DEVICE   - < volume set 50
08:54:11PM DEVICE   - < volume set 49
08:54:11PM DEVICE   - < volume set 48
08:54:11PM DEVICE   - < volume set 47
08:54:11PM DEVICE   - < volume set 46
08:54:11PM DEVICE   - < volume set 45
08:54:14PM DEVICE   - < volume set 44
08:54:14PM DEVICE   - < volume set 43
08:54:14PM DEVICE   - < volume set 42
08:54:14PM DEVICE   - < volume set 41
08:54:14PM DEVICE   - < volume set 40
08:54:14PM DEVICE   - < volume set 39
08:54:14PM DEVICE   - < volume set 38
08:54:14PM DEVICE   - < volume set 37
08:54:14PM DEVICE   - < volume set 36
08:54:14PM DEVICE   - < volume set 35
08:54:14PM DEVICE   - < volume set 34
08:54:16PM DEVICE   - < volume set 44
08:54:16PM DEVICE   - < volume set 45
08:54:16PM DEVICE   - < volume set 46
08:54:16PM DEVICE   - < volume set 47
08:54:16PM DEVICE   - < volume set 48
08:54:16PM DEVICE   - < volume set 49
08:54:17PM DEVICE   - < volume set 48
08:54:17PM DEVICE   - < volume set 47
08:54:17PM DEVICE   - < volume set 46
08:54:17PM DEVICE   - < volume set 45
08:54:17PM DEVICE   - < volume set 44
08:54:17PM DEVICE   - < volume set 43
08:54:17PM DEVICE   - < volume set 42
08:54:17PM DEVICE   - < volume set 41
08:54:17PM DEVICE   - < volume set 40
08:54:26PM DEVICE   - < volume set 39
08:54:26PM DEVICE   - < volume set 38
08:54:27PM DEVICE   - < volume set 37
08:54:27PM DEVICE   - < volume set 36
08:54:27PM DEVICE   - < volume set 35
08:54:27PM DEVICE   - < volume set 34
08:54:27PM DEVICE   - < volume set 33
08:54:28PM DEVICE   - < volume set 32
08:54:28PM DEVICE   - < volume set 31
08:54:28PM DEVICE   - < volume set 30
08:54:28PM DEVICE   - < volume set 29
08:54:29PM DEVICE   - < volume set 30
08:54:29PM DEVICE   - < volume set 31
08:54:29PM DEVICE   - < volume set 32
08:54:29PM DEVICE   - < volume set 33
08:54:29PM DEVICE   - < volume set 34
08:54:29PM DEVICE   - < volume set 35
08:54:29PM DEVICE   - < volume set 36
08:54:29PM DEVICE   - < volume set 37
08:54:29PM DEVICE   - < volume set 38
08:54:30PM DEVICE   - < volume set 39
08:54:30PM DEVICE   - < volume set 40
08:54:30PM DEVICE   - < volume set 41
08:54:30PM DEVICE   - < volume set 42
08:54:30PM DEVICE   - < volume set 43
08:54:31PM DEVICE   - < volume set 44
08:54:31PM DEVICE   - < volume set 45
08:54:32PM DEVICE   - < volume set 44
08:54:32PM DEVICE   - < volume set 43
08:54:33PM DEVICE   - < volume set 42
08:54:33PM DEVICE   - < volume set 41
08:54:34PM DEVICE   - < volume set 42
08:54:34PM DEVICE   - < volume set 43
08:54:34PM DEVICE   - < volume set 44
08:54:34PM DEVICE   - < volume set 45
08:54:35PM DEVICE   - < volume set 44
08:54:36PM DEVICE   - < volume set 43
08:54:36PM DEVICE   - < volume set 42
08:54:37PM DEVICE   - < volume set 41
08:54:37PM DEVICE   - < volume set 40
08:54:56PM DEVICE   - < power state off
08:54:57PM DEVICE   - > status volume level 0
08:54:57PM DEVICE   - > status led state off
08:55:00PM DEVICE   - < power state on
08:55:00PM DEVICE   - > status volume level 20
08:55:00PM DEVICE   - > status led state on
08:55:02PM DEVICE   - < volume set 19
08:55:02PM DEVICE   - < volume set 20
08:55:02PM DEVICE   - < volume set 21
08:55:02PM DEVICE   - < volume set 22
08:55:02PM DEVICE   - < volume set 24
08:55:02PM DEVICE   - < volume set 25
08:55:02PM DEVICE   - < volume set 26
08:55:02PM DEVICE   - < volume set 27
08:55:02PM DEVICE   - < volume set 28
08:55:02PM DEVICE   - < volume set 30
08:55:02PM DEVICE   - < volume set 31
08:55:02PM DEVICE   - < volume set 32
08:55:02PM DEVICE   - < volume set 33
08:55:02PM DEVICE   - < volume set 34
08:55:02PM DEVICE   - < volume set 35
08:55:02PM DEVICE   - < volume set 36
08:55:02PM DEVICE   - < volume set 37
08:55:02PM DEVICE   - < volume set 38
08:55:03PM DEVICE   - < volume set 39
08:55:03PM DEVICE   - < volume set 40
08:55:03PM DEVICE   - < volume set 41
08:55:03PM DEVICE   - < volume set 42
08:55:15PM DEVICE   - < volume set 41
08:55:15PM DEVICE   - < volume set 40
08:55:15PM DEVICE   - < volume set 39
08:55:16PM DEVICE   - < volume set 38
08:55:16PM DEVICE   - < volume set 35
08:55:16PM DEVICE   - < volume set 34
08:55:16PM DEVICE   - < volume set 33
08:55:16PM DEVICE   - < volume set 32
08:55:16PM DEVICE   - < volume set 31
08:55:16PM DEVICE   - < volume set 30
08:55:16PM DEVICE   - < volume set 29
08:55:16PM DEVICE   - < volume set 28
08:55:16PM DEVICE   - < volume set 27
08:55:16PM DEVICE   - < volume set 26
08:55:16PM DEVICE   - < volume set 25
08:55:18PM DEVICE   - < volume set 18
08:55:18PM DEVICE   - < volume set 19
08:55:18PM DEVICE   - < volume set 20
08:55:18PM DEVICE   - < volume set 21
08:55:18PM DEVICE   - < volume set 22
08:55:18PM DEVICE   - < volume set 23
08:55:18PM DEVICE   - < volume set 24
08:55:19PM DEVICE   - < volume set 25
08:55:19PM DEVICE   - < volume set 26
08:55:19PM DEVICE   - < volume set 27
08:55:19PM DEVICE   - < volume set 28
08:55:19PM DEVICE   - < volume set 29
08:55:19PM DEVICE   - < volume set 30
08:55:19PM DEVICE   - < volume set 31
08:55:19PM DEVICE   - < volume set 32
08:55:19PM DEVICE   - < volume set 33
08:55:19PM DEVICE   - < volume set 34
08:55:19PM DEVICE   - < volume set 35
08:55:19PM DEVICE   - < volume set 36
08:55:20PM DEVICE   - < volume set 37
08:55:20PM DEVICE   - < volume set 38
08:55:20PM DEVICE   - < volume set 39
08:55:20PM DEVICE   - < volume set 40
08:55:25PM DEVICE   - < volume set 46
08:55:25PM DEVICE   - < volume set 45
08:55:25PM DEVICE   - < volume set 44
08:55:25PM DEVICE   - < volume set 43
08:55:26PM DEVICE   - < volume set 42
08:55:26PM DEVICE   - < volume set 41
08:55:26PM DEVICE   - < volume set 40
08:55:26PM DEVICE   - < volume set 39
08:55:26PM DEVICE   - < volume set 38
08:55:26PM DEVICE   - < volume set 37
08:55:26PM DEVICE   - < volume set 36
08:55:26PM DEVICE   - < volume set 35
08:55:26PM DEVICE   - < volume set 34
08:55:26PM DEVICE   - < volume set 33
08:55:27PM DEVICE   - < volume set 32
08:55:27PM DEVICE   - < volume set 31
08:55:27PM DEVICE   - < volume set 30
08:55:27PM DEVICE   - < volume set 29
08:55:28PM DEVICE   - < volume set 28
08:55:28PM DEVICE   - < volume set 27
08:55:28PM DEVICE   - < volume set 26
08:55:29PM DEVICE   - < volume set 17
08:55:29PM DEVICE   - < volume set 18
08:55:29PM DEVICE   - < volume set 19
08:55:30PM DEVICE   - < volume set 20
08:55:30PM DEVICE   - < volume set 21
08:55:30PM DEVICE   - < volume set 22
08:55:30PM DEVICE   - < volume set 23
08:55:30PM DEVICE   - < volume set 24
08:55:30PM DEVICE   - < volume set 25
08:55:30PM DEVICE   - < volume set 26
08:55:30PM DEVICE   - < volume set 27
08:55:30PM DEVICE   - < volume set 28
08:55:30PM DEVICE   - < volume set 29
08:55:30PM DEVICE   - < volume set 30
08:55:30PM DEVICE   - < volume set 31
08:55:30PM DEVICE   - < volume set 32
08:55:30PM DEVICE   - < volume set 33
08:55:30PM DEVICE   - < volume set 34
08:55:30PM DEVICE   - < volume set 35
08:55:30PM DEVICE   - < volume set 36
08:55:31PM DEVICE   - < volume set 37
08:55:31PM DEVICE   - < volume set 38
08:55:31PM DEVICE   - < volume set 39
08:55:31PM DEVICE   - < volume set 40
08:55:31PM DEVICE   - < volume set 41
08:55:32PM DEVICE   - < volume set 11
08:55:34PM DEVICE   - < volume set 21
08:55:36PM DEVICE   - < volume set 48
08:55:38PM DEVICE   - < volume set 11
08:55:40PM DEVICE   - < volume set 17
08:55:41PM DEVICE   - < volume set 22
08:55:41PM DEVICE   - < volume set 29
08:55:42PM DEVICE   - < volume set 37
08:55:43PM DEVICE   - < volume set 45
08:55:43PM DEVICE   - < volume set 50
08:55:44PM DEVICE   - < volume set 49
08:55:44PM DEVICE   - < volume set 48
08:55:44PM DEVICE   - < volume set 47
08:55:44PM DEVICE   - < volume set 46
08:55:44PM DEVICE   - < volume set 45
08:55:44PM DEVICE   - < volume set 44
08:55:44PM DEVICE   - < volume set 43
08:55:44PM DEVICE   - < volume set 42
08:55:44PM DEVICE   - < volume set 41
08:55:44PM DEVICE   - < volume set 40
08:55:44PM DEVICE   - < volume set 39
08:55:44PM DEVICE   - < volume set 38
08:55:44PM DEVICE   - < volume set 37
08:55:44PM DEVICE   - < volume set 36
08:55:45PM DEVICE   - < volume set 35
08:55:45PM DEVICE   - < volume set 34
08:55:45PM DEVICE   - < volume set 33
08:55:45PM DEVICE   - < volume set 32
08:55:46PM DEVICE   - < volume set 31
08:55:46PM DEVICE   - < volume set 30
08:55:50PM DEVICE   - < volume set 31
08:55:50PM DEVICE   - < volume set 32
08:55:50PM DEVICE   - < volume set 34
08:55:50PM DEVICE   - < volume set 35
08:55:50PM DEVICE   - < volume set 36
08:55:51PM DEVICE   - < volume set 37
08:55:51PM DEVICE   - < volume set 38
08:55:51PM DEVICE   - < volume set 39
08:55:51PM DEVICE   - < volume set 40
08:56:07PM DEVICE   - > status volume level 39
08:56:07PM DEVICE   - > enc  down
08:56:07PM DEVICE   - > status volume level 38
08:56:07PM DEVICE   - > enc  down
08:56:07PM DEVICE   - > status volume level 37
08:56:07PM DEVICE   - > enc  down
08:56:08PM DEVICE   - > status volume level 38
08:56:08PM DEVICE   - > enc  up
08:56:08PM DEVICE   - > status volume level 39
08:56:08PM DEVICE   - > enc  up
08:56:08PM DEVICE   - > status volume level 40
08:56:08PM DEVICE   - > enc  up
08:56:08PM DEVICE   - > status volume level 41
08:56:08PM DEVICE   - > enc  up
08:56:08PM DEVICE   - > status volume level 40
08:56:08PM DEVICE   - > enc  down
08:56:08PM DEVICE   - > status volume level 39
08:56:08PM DEVICE   - > enc  down
08:56:08PM DEVICE   - > status volume level 38
08:56:08PM DEVICE   - > enc  down
08:56:08PM DEVICE   - > status volume level 37
08:56:08PM DEVICE   - > enc  down
08:56:09PM DEVICE   - > status volume level 38
08:56:09PM DEVICE   - > enc  up
08:56:09PM DEVICE   - > status volume level 39
08:56:09PM DEVICE   - > enc  up
08:56:09PM DEVICE   - > status volume level 40
08:56:09PM DEVICE   - > enc  up
08:56:09PM DEVICE   - > status volume level 41
08:56:09PM DEVICE   - > enc  up
08:56:09PM DEVICE   - > status volume level 42
08:56:09PM DEVICE   - > enc  up
08:56:09PM DEVICE   - > status volume level 41
08:56:09PM DEVICE   - > enc  down
08:56:09PM DEVICE   - > status volume level 40
08:56:09PM DEVICE   - > enc  down
08:56:09PM DEVICE   - > status volume level 39
08:56:09PM DEVICE   - > enc  down
08:56:09PM DEVICE   - > status volume level 38
08:56:09PM DEVICE   - > enc  down
08:56:09PM DEVICE   - > status volume level 37
08:56:09PM DEVICE   - > enc  down
08:56:09PM DEVICE   - > status volume level 36
08:56:09PM DEVICE   - > enc  down
08:56:09PM DEVICE   - > status volume level 35
08:56:10PM DEVICE   - > enc  down
08:56:10PM DEVICE   - > status volume level 34
08:56:10PM DEVICE   - > enc  down
08:56:10PM DEVICE   - > status volume level 35
08:56:10PM DEVICE   - > enc  up
08:56:10PM DEVICE   - > status volume level 36
08:56:10PM DEVICE   - > enc  up
08:56:10PM DEVICE   - > status volume level 37
08:56:10PM DEVICE   - > enc  up
08:56:10PM DEVICE   - > status volume level 38
08:56:10PM DEVICE   - > enc  up
08:56:10PM DEVICE   - > status volume level 37
08:56:10PM DEVICE   - > enc  down
08:56:10PM DEVICE   - > status volume level 36
08:56:10PM DEVICE   - > enc  down
08:56:10PM DEVICE   - > status volume level 35
08:56:10PM DEVICE   - > enc  down
08:56:10PM DEVICE   - > status volume level 34
08:56:10PM DEVICE   - > enc  down
08:56:10PM DEVICE   - > status volume level 33
08:56:10PM DEVICE   - > enc  down
08:56:10PM DEVICE   - > status volume level 32
08:56:11PM DEVICE   - > enc  down
08:56:11PM DEVICE   - > status volume level 33
08:56:11PM DEVICE   - > enc  up
08:56:11PM DEVICE   - > status volume level 34
08:56:11PM DEVICE   - > enc  up
08:56:11PM DEVICE   - > status volume level 35
08:56:11PM DEVICE   - > enc  up
08:56:11PM DEVICE   - > status volume level 36
08:56:11PM DEVICE   - > enc  up
08:56:11PM DEVICE   - > status volume level 37
08:56:11PM DEVICE   - > enc  up
08:56:11PM DEVICE   - > status volume level 36
08:56:11PM DEVICE   - > enc  down
08:56:11PM DEVICE   - > status volume level 35
08:56:11PM DEVICE   - > enc  down
08:56:11PM DEVICE   - > status volume level 34
08:56:12PM DEVICE   - > enc  down
08:56:12PM DEVICE   - > status volume level 33
08:56:12PM DEVICE   - > enc  down
08:56:12PM DEVICE   - > status volume level 32
08:56:12PM DEVICE   - > enc  down
08:56:12PM DEVICE   - > status volume level 31
08:56:12PM DEVICE   - > enc  down
08:56:12PM DEVICE   - > status volume level 30
08:56:12PM DEVICE   - > enc  down
08:56:12PM DEVICE   - > status volume level 29
08:56:12PM DEVICE   - > enc  down
08:56:12PM DEVICE   - > status volume level 30
08:56:12PM DEVICE   - > enc  up
08:56:12PM DEVICE   - > status volume level 31
08:56:12PM DEVICE   - > enc  up
08:56:12PM DEVICE   - > status volume level 32
08:56:12PM DEVICE   - > enc  up
08:56:12PM DEVICE   - > status volume level 33
08:56:12PM DEVICE   - > enc  up
08:56:12PM DEVICE   - > status volume level 34
08:56:12PM DEVICE   - > enc  up
08:56:12PM DEVICE   - > status volume level 35
08:56:12PM DEVICE   - > enc  up
08:56:13PM DEVICE   - > status volume level 36
08:56:13PM DEVICE   - > enc  up
08:56:13PM DEVICE   - > status volume level 35
08:56:13PM DEVICE   - > enc  down
08:56:13PM DEVICE   - > status volume level 34
08:56:13PM DEVICE   - > enc  down
08:56:13PM DEVICE   - > status volume level 33
08:56:13PM DEVICE   - > enc  down
08:56:13PM DEVICE   - > status volume level 32
08:56:13PM DEVICE   - > enc  down
08:56:13PM DEVICE   - > status volume level 31
08:56:13PM DEVICE   - > enc  down
08:56:13PM DEVICE   - > status volume level 30
08:56:13PM DEVICE   - > enc  down
08:56:13PM DEVICE   - > status volume level 29
08:56:13PM DEVICE   - > enc  down
08:56:13PM DEVICE   - > status volume level 28
08:56:13PM DEVICE   - > enc  down
08:56:13PM DEVICE   - > status volume level 29
08:56:13PM DEVICE   - > enc  up
08:56:13PM DEVICE   - > status volume level 30
08:56:13PM DEVICE   - > enc  up
08:56:13PM DEVICE   - > status volume level 31
08:56:13PM DEVICE   - > enc  up
08:56:13PM DEVICE   - > status volume level 32
08:56:13PM DEVICE   - > enc  up
08:56:14PM DEVICE   - > status volume level 33
08:56:14PM DEVICE   - > enc  up
08:56:14PM DEVICE   - > status volume level 34
08:56:14PM DEVICE   - > enc  up
08:56:14PM DEVICE   - > status volume level 35
08:56:14PM DEVICE   - > enc  up
08:56:14PM DEVICE   - > status volume level 36
08:56:14PM DEVICE   - > enc  up
08:56:14PM DEVICE   - > status volume level 37
08:56:14PM DEVICE   - > enc  up
08:56:14PM DEVICE   - > status volume level 38
08:56:14PM DEVICE   - > enc  up
08:56:14PM DEVICE   - > status volume level 37
08:56:14PM DEVICE   - > enc  down
08:56:14PM DEVICE   - > status volume level 36
08:56:14PM DEVICE   - > enc  down
08:56:14PM DEVICE   - > status volume level 37
08:56:14PM DEVICE   - > enc  up
08:56:15PM DEVICE   - > status volume level 38
08:56:15PM DEVICE   - > enc  up
08:56:15PM DEVICE   - > status volume level 39
08:56:15PM DEVICE   - > enc  up
08:56:15PM DEVICE   - > status volume level 40
08:56:15PM DEVICE   - > enc  up
08:56:15PM DEVICE   - > status volume level 41
08:56:15PM DEVICE   - > enc  up
08:56:15PM DEVICE   - > status volume level 42
08:56:15PM DEVICE   - > enc  up
08:56:15PM DEVICE   - > status volume level 43
08:56:15PM DEVICE   - > enc  up
08:56:15PM DEVICE   - > status volume level 44
08:56:15PM DEVICE   - > enc  up
08:56:15PM DEVICE   - > status volume level 43
08:56:15PM DEVICE   - > enc  down
08:56:15PM DEVICE   - > status volume level 42
08:56:15PM DEVICE   - > enc  down
08:56:16PM DEVICE   - > status volume level 41
08:56:16PM DEVICE   - > enc  down
08:56:16PM DEVICE   - > status volume level 40
08:56:16PM DEVICE   - > enc  down
08:56:16PM DEVICE   - > status volume level 39
08:56:16PM DEVICE   - > enc  down
08:56:16PM DEVICE   - > status volume level 38
08:56:16PM DEVICE   - > enc  down
08:56:16PM DEVICE   - > status volume level 37
08:56:16PM DEVICE   - > enc  down
08:56:16PM DEVICE   - > status volume level 36
08:56:16PM DEVICE   - > enc  down
08:56:16PM DEVICE   - > status volume level 35
08:56:16PM DEVICE   - > enc  down
08:56:16PM DEVICE   - > status volume level 34
08:56:16PM DEVICE   - > enc  down
08:56:16PM DEVICE   - > status volume level 33
08:56:16PM DEVICE   - > enc  down
08:56:16PM DEVICE   - > status volume level 32
08:56:16PM DEVICE   - > enc  down
08:56:16PM DEVICE   - > status volume level 31
08:56:16PM DEVICE   - > enc  down
08:56:17PM DEVICE   - > status volume level 32
08:56:17PM DEVICE   - > enc  up
08:56:17PM DEVICE   - > status volume level 33
08:56:17PM DEVICE   - > enc  up
08:56:17PM DEVICE   - > status volume level 34
08:56:17PM DEVICE   - > enc  up
08:56:17PM DEVICE   - > status volume level 35
08:56:17PM DEVICE   - > enc  up
08:56:17PM DEVICE   - > status volume level 36
08:56:17PM DEVICE   - > enc  up
08:56:17PM DEVICE   - > status volume level 37
08:56:17PM DEVICE   - > enc  up
08:56:17PM DEVICE   - > status volume level 36
08:56:17PM DEVICE   - > enc  down
08:56:17PM DEVICE   - > status volume level 35
08:56:17PM DEVICE   - > enc  down
08:56:17PM DEVICE   - > status volume level 34
08:56:17PM DEVICE   - > enc  down
08:56:18PM DEVICE   - > status volume level 33
08:56:18PM DEVICE   - > enc  down
08:56:18PM DEVICE   - > status volume level 32
08:56:18PM DEVICE   - > enc  down
08:56:18PM DEVICE   - > status volume level 31
08:56:18PM DEVICE   - > enc  down
08:56:18PM DEVICE   - > status volume level 30
08:56:18PM DEVICE   - > enc  down
08:56:18PM DEVICE   - > status volume level 29
08:56:18PM DEVICE   - > enc  down
08:56:18PM DEVICE   - > status volume level 28
08:56:18PM DEVICE   - > enc  down
08:56:18PM DEVICE   - > status volume level 27
08:56:18PM DEVICE   - > enc  down
08:56:18PM DEVICE   - > status volume level 26
08:56:18PM DEVICE   - > enc  down
08:56:18PM DEVICE   - > status volume level 25
08:56:18PM DEVICE   - > enc  down
08:56:18PM DEVICE   - > status volume level 24
08:56:18PM DEVICE   - > enc  down
08:56:18PM DEVICE   - > status volume level 23
08:56:18PM DEVICE   - > enc  down
08:56:18PM DEVICE   - > status volume level 22
08:56:19PM DEVICE   - > enc  down
08:56:19PM DEVICE   - > status volume level 23
08:56:19PM DEVICE   - > enc  up
08:56:19PM DEVICE   - > status volume level 24
08:56:19PM DEVICE   - > enc  up
08:56:19PM DEVICE   - > status volume level 25
08:56:19PM DEVICE   - > enc  up
08:56:19PM DEVICE   - > status volume level 26
08:56:19PM DEVICE   - > enc  up
08:56:19PM DEVICE   - > status volume level 27
08:56:19PM DEVICE   - > enc  up
08:56:20PM DEVICE   - > status volume level 28
08:56:20PM DEVICE   - > enc  up
08:56:20PM DEVICE   - > status volume level 29
08:56:20PM DEVICE   - > enc  up
08:56:20PM DEVICE   - > status volume level 30
08:56:20PM DEVICE   - > enc  up
08:56:20PM DEVICE   - > status volume level 31
08:56:20PM DEVICE   - > enc  up
08:56:20PM DEVICE   - > status volume level 32
08:56:20PM DEVICE   - > enc  up
08:56:20PM DEVICE   - > status volume level 33
08:56:20PM DEVICE   - > enc  up
08:56:20PM DEVICE   - > status volume level 34
08:56:20PM DEVICE   - > enc  up
08:56:20PM DEVICE   - > status volume level 35
08:56:20PM DEVICE   - > enc  up
08:56:20PM DEVICE   - > status volume level 36
08:56:20PM DEVICE   - > enc  up
08:56:20PM DEVICE   - > status volume level 37
08:56:20PM DEVICE   - > enc  up
08:56:20PM DEVICE   - > status volume level 38
08:56:20PM DEVICE   - > enc  up
08:56:21PM DEVICE   - > status volume level 39
08:56:21PM DEVICE   - > enc  up
08:56:21PM DEVICE   - > status volume level 40
08:56:21PM DEVICE   - > enc  up
08:56:21PM DEVICE   - > status volume level 41
08:56:21PM DEVICE   - > enc  up
08:56:21PM DEVICE   - > status volume level 42
08:56:21PM DEVICE   - > enc  up
08:56:21PM DEVICE   - > status volume level 43
08:56:21PM DEVICE   - > enc  up
08:56:21PM DEVICE   - > status volume level 44
08:56:21PM DEVICE   - > enc  up
08:56:21PM DEVICE   - > status volume level 45
08:56:21PM DEVICE   - > enc  up
08:56:21PM DEVICE   - > status volume level 46
08:56:22PM DEVICE   - > enc  up
08:56:22PM DEVICE   - > status volume level 47
08:56:22PM DEVICE   - > enc  up
08:56:22PM DEVICE   - > status volume level 46
08:56:22PM DEVICE   - > enc  down
08:56:22PM DEVICE   - > status volume level 45
08:56:22PM DEVICE   - > enc  down
08:56:22PM DEVICE   - > status volume level 44
08:56:22PM DEVICE   - > enc  down
08:56:22PM DEVICE   - > status volume level 43
08:56:22PM DEVICE   - > enc  down
08:56:22PM DEVICE   - > status volume level 42
08:56:22PM DEVICE   - > enc  down
08:56:22PM DEVICE   - > status volume level 41
08:56:22PM DEVICE   - > enc  down
08:56:22PM DEVICE   - > status volume level 40
08:56:22PM DEVICE   - > enc  down
08:56:22PM DEVICE   - > status volume level 41
08:56:22PM DEVICE   - > enc  up
08:56:22PM DEVICE   - > status volume level 42
08:56:22PM DEVICE   - > enc  up
08:56:23PM DEVICE   - > status volume level 43
08:56:23PM DEVICE   - > enc  up
08:56:23PM DEVICE   - > status volume level 44
08:56:23PM DEVICE   - > enc  up
08:56:23PM DEVICE   - > status volume level 45
08:56:23PM DEVICE   - > enc  up
08:56:23PM DEVICE   - > status volume level 44
08:56:23PM DEVICE   - > enc  down
08:56:23PM DEVICE   - > status volume level 43
08:56:23PM DEVICE   - > enc  down
08:56:23PM DEVICE   - > status volume level 42
08:56:23PM DEVICE   - > enc  down
08:57:29PM DEVICE   - > network disconnect 1
08:57:29PM DEVICE   - > status network connected false
08:57:29PM DEVICE   - DISCONNECTED DEVICE, RESET TEH BITCH
08:57:29PM DEVICE   - > status power state off
08:57:29PM DEVICE   - > status volume level 0
08:57:29PM DEVICE   - > status network connected true
08:57:29PM DEVICE   - > network connect SYN
08:57:29PM DEVICE   - < network connect SYNACK
08:57:29PM DEVICE   - > network connect SYN
08:57:29PM DEVICE   - < network connect SYNACK
08:57:30PM DEVICE   - > network connect ACK
08:57:30PM DEVICE   - < radio/station 879
08:57:30PM DEVICE   - < radio/volume 15
08:57:30PM DEVICE   - < status/all 1
08:57:30PM DEVICE   - > network connect ACK
08:57:30PM DEVICE   - < radio/station 879
08:57:30PM DEVICE   - < radio/volume 15
08:57:30PM DEVICE   - < status/all 1
08:57:31PM DEVICE   - > status power state on
08:57:31PM DEVICE   - > status volume level 42
08:58:46PM DEVICE   - < power state off
08:58:49PM DEVICE   - < power state on
08:58:50PM DEVICE   - < power state off
08:58:53PM DEVICE   - < power state on
08:58:54PM DEVICE   - < volume set 41
08:58:54PM DEVICE   - < volume set 40
08:58:54PM DEVICE   - < volume set 37
08:58:55PM DEVICE   - < volume set 34
08:58:55PM DEVICE   - < volume set 31
08:58:55PM DEVICE   - < volume set 30
08:58:55PM DEVICE   - < volume set 27
08:58:55PM DEVICE   - < volume set 26
08:58:55PM DEVICE   - < volume set 23
08:58:55PM DEVICE   - < volume set 22
08:58:55PM DEVICE   - < volume set 21
08:58:55PM DEVICE   - < volume set 20
08:59:02PM DEVICE   - > status power state off
08:59:02PM DEVICE   - > status volume level 0
08:59:02PM DEVICE   - > status led state off
08:59:02PM DEVICE   - > status led color red
08:59:02PM DEVICE   - > status power state on
08:59:02PM DEVICE   - > status volume level 20
08:59:02PM DEVICE   - > status led state on
08:59:02PM DEVICE   - > status power state off
08:59:02PM DEVICE   - > status volume level 0
08:59:02PM DEVICE   - > status led state off
08:59:02PM DEVICE   - > status power state on
08:59:02PM DEVICE   - > status volume level 20
08:59:02PM DEVICE   - > status led state on
08:59:05PM DEVICE   - > network connect SYN
08:59:05PM DEVICE   - < network connect SYNACK
08:59:05PM DEVICE   - > network connect ACK
08:59:05PM DEVICE   - < radio/station 879
08:59:05PM DEVICE   - < radio/volume 15
08:59:05PM DEVICE   - < status/all 1
08:59:06PM DEVICE   - > status led color green
08:59:35PM DEVICE   - < volume set 19
08:59:35PM DEVICE   - < volume set 20
08:59:35PM DEVICE   - < volume set 22
08:59:35PM DEVICE   - < volume set 23
08:59:35PM DEVICE   - < volume set 24
08:59:35PM DEVICE   - < volume set 25
08:59:35PM DEVICE   - < volume set 26
08:59:35PM DEVICE   - < volume set 27
08:59:35PM DEVICE   - < volume set 28
08:59:35PM DEVICE   - < volume set 29
08:59:35PM DEVICE   - < volume set 30
08:59:35PM DEVICE   - < volume set 31
08:59:35PM DEVICE   - < volume set 32
08:59:36PM DEVICE   - < volume set 33
08:59:36PM DEVICE   - < volume set 34
08:59:36PM DEVICE   - < volume set 35
08:59:36PM DEVICE   - < volume set 36
08:59:37PM DEVICE   - < volume set 37
08:59:37PM DEVICE   - < volume set 38
08:59:37PM DEVICE   - < volume set 40
08:59:37PM DEVICE   - < volume set 41
08:59:37PM DEVICE   - < volume set 42
08:59:37PM DEVICE   - < volume set 43
08:59:37PM DEVICE   - < power state off
08:59:39PM DEVICE   - < power state on
08:59:39PM DEVICE   - > status power state off
08:59:39PM DEVICE   - > status volume level 0
08:59:39PM DEVICE   - > status led state off
08:59:39PM DEVICE   - > status power state on
08:59:39PM DEVICE   - > status volume level 20
08:59:39PM DEVICE   - > status led state on
08:59:42PM DEVICE   - < power state off
08:59:42PM DEVICE   - > status volume level 0
08:59:42PM DEVICE   - > status led state off
08:59:43PM DEVICE   - < power state on
08:59:44PM DEVICE   - > status volume level 20
08:59:44PM DEVICE   - > status led state on
08:59:45PM DEVICE   - < power state off
08:59:45PM DEVICE   - > status volume level 0
08:59:45PM DEVICE   - > status led state off
08:59:46PM DEVICE   - < power state on
08:59:46PM DEVICE   - > status volume level 20
08:59:46PM DEVICE   - > status led state on
08:59:47PM DEVICE   - < power state off
08:59:48PM DEVICE   - > status volume level 0
08:59:48PM DEVICE   - > status led state off
08:59:48PM DEVICE   - < power state on
08:59:49PM DEVICE   - > status volume level 20
08:59:49PM DEVICE   - > status led state on
08:59:49PM DEVICE   - < power state off
08:59:50PM DEVICE   - > status volume level 0
08:59:50PM DEVICE   - > status led state off
08:59:50PM DEVICE   - < power state on
08:59:50PM DEVICE   - > status volume level 20
08:59:50PM DEVICE   - > status led state on
08:59:51PM DEVICE   - < power state off
08:59:51PM DEVICE   - > status volume level 0
08:59:51PM DEVICE   - > status led state off
08:59:51PM DEVICE   - < power state on
08:59:52PM DEVICE   - > status volume level 20
08:59:52PM DEVICE   - > status led state on
08:59:53PM DEVICE   - < power state off
08:59:54PM DEVICE   - > status volume level 0
08:59:54PM DEVICE   - > status led state off
08:59:54PM DEVICE   - < power state on
08:59:54PM DEVICE   - < power state off
08:59:54PM DEVICE   - > status power state on
08:59:54PM DEVICE   - > status volume level 20
08:59:54PM DEVICE   - > status led state on
08:59:55PM DEVICE   - < power state off
08:59:55PM DEVICE   - > status volume level 0
08:59:55PM DEVICE   - > status led state off
08:59:55PM DEVICE   - < power state on
08:59:56PM DEVICE   - > status volume level 20
08:59:56PM DEVICE   - > status led state on
08:59:57PM DEVICE   - < power state off
08:59:58PM DEVICE   - > status volume level 0
08:59:58PM DEVICE   - > status led state off
08:59:58PM DEVICE   - < power state on
08:59:58PM DEVICE   - > status volume level 20
08:59:58PM DEVICE   - > status led state on
08:59:59PM DEVICE   - < power state off
09:00:00PM DEVICE   - > status volume level 0
09:00:00PM DEVICE   - > status led state off
09:00:02PM DEVICE   - < power state on
09:00:03PM DEVICE   - > status volume level 20
09:00:03PM DEVICE   - > status led state on
09:00:09PM DEVICE   - < power state off
09:00:10PM DEVICE   - > status volume level 0
09:00:10PM DEVICE   - > status led state off
09:00:10PM DEVICE   - < power state on
09:00:10PM DEVICE   - > status volume level 20
09:00:10PM DEVICE   - > status led state on
09:00:11PM DEVICE   - < volume set 21
09:00:11PM DEVICE   - < volume set 22
09:00:11PM DEVICE   - < volume set 23
09:00:11PM DEVICE   - < volume set 24
09:00:11PM DEVICE   - < volume set 25
09:00:11PM DEVICE   - < volume set 26
09:00:11PM DEVICE   - < volume set 27
09:00:11PM DEVICE   - < volume set 28
09:00:11PM DEVICE   - < volume set 29
09:00:11PM DEVICE   - < volume set 30
09:00:12PM DEVICE   - < volume set 31
09:00:12PM DEVICE   - < volume set 32
09:00:12PM DEVICE   - < volume set 33
09:00:12PM DEVICE   - < volume set 34
09:00:12PM DEVICE   - < volume set 35
09:00:12PM DEVICE   - < volume set 36
09:00:12PM DEVICE   - < volume set 37
09:00:13PM DEVICE   - < volume set 38
09:00:13PM DEVICE   - < volume set 39
09:00:13PM DEVICE   - < volume set 40
09:00:14PM DEVICE   - < volume set 39
09:00:14PM DEVICE   - < volume set 38
09:00:14PM DEVICE   - < volume set 37
09:00:14PM DEVICE   - < volume set 36
09:00:14PM DEVICE   - < volume set 37
09:00:14PM DEVICE   - < volume set 38
09:00:14PM DEVICE   - < volume set 39
09:00:15PM DEVICE   - < volume set 40
09:00:15PM DEVICE   - < volume set 41
09:00:18PM DEVICE   - > status volume level 42
09:00:18PM DEVICE   - > enc  up
09:00:18PM DEVICE   - > status volume level 43
09:00:18PM DEVICE   - > enc  up
09:00:18PM DEVICE   - > status volume level 44
09:00:18PM DEVICE   - > enc  up
09:00:18PM DEVICE   - > status volume level 45
09:00:18PM DEVICE   - > enc  up
09:00:18PM DEVICE   - > status volume level 46
09:00:18PM DEVICE   - > enc  up
09:00:18PM DEVICE   - > status volume level 47
09:00:18PM DEVICE   - > enc  up
09:00:19PM DEVICE   - > status volume level 46
09:00:19PM DEVICE   - > enc  down
09:00:19PM DEVICE   - > status volume level 45
09:00:19PM DEVICE   - > enc  down
09:00:19PM DEVICE   - > status volume level 44
09:00:19PM DEVICE   - > enc  down
09:00:19PM DEVICE   - > status volume level 43
09:00:19PM DEVICE   - > enc  down
09:00:19PM DEVICE   - > status volume level 42
09:00:19PM DEVICE   - > enc  down
09:00:19PM DEVICE   - > status volume level 41
09:00:19PM DEVICE   - > enc  down
09:00:19PM DEVICE   - > status volume level 40
09:00:19PM DEVICE   - > enc  down
09:00:38PM DEVICE   - > network disconnect 1
09:00:38PM DEVICE   - > status network connected false
09:00:38PM DEVICE   - DISCONNECTED DEVICE, RESET TEH BITCH
09:00:38PM DEVICE   - > status power state off
09:00:38PM DEVICE   - > status volume level 0
09:00:38PM DEVICE   - > status network connected true
09:00:38PM DEVICE   - > network connect SYN
09:00:38PM DEVICE   - < network connect SYNACK
09:00:38PM DEVICE   - > network connect SYN
09:00:38PM DEVICE   - < network connect SYNACK
09:00:39PM DEVICE   - > network connect ACK
09:00:39PM DEVICE   - < radio/station 879
09:00:39PM DEVICE   - < radio/volume 15
09:00:39PM DEVICE   - < status/all 1
09:00:39PM DEVICE   - > network connect ACK
09:00:39PM DEVICE   - < radio/station 879
09:00:39PM DEVICE   - < radio/volume 15
09:00:39PM DEVICE   - < status/all 1
09:00:40PM DEVICE   - > status power state on
09:00:40PM DEVICE   - > status volume level 40
09:00:46PM DEVICE   - > network disconnect 1
09:00:46PM DEVICE   - > status network connected false
09:00:46PM DEVICE   - DISCONNECTED DEVICE, RESET TEH BITCH
09:00:46PM DEVICE   - > status power state off
09:00:46PM DEVICE   - > status volume level 0
09:02:11PM DEVICE   - > status network connected true
09:02:11PM DEVICE   - > network connect SYN
09:02:11PM DEVICE   - < network connect SYNACK
09:02:12PM DEVICE   - > network connect SYN
09:02:12PM DEVICE   - < network connect SYNACK
09:02:12PM DEVICE   - > network connect SYN
09:02:12PM DEVICE   - < network connect SYNACK
09:02:12PM DEVICE   - > network connect ACK
09:02:12PM DEVICE   - < radio/station 879
09:02:12PM DEVICE   - < radio/volume 15
09:02:12PM DEVICE   - < status/all 1
09:02:13PM DEVICE   - > network connect ACK
09:02:13PM DEVICE   - < radio/station 879
09:02:13PM DEVICE   - < radio/volume 15
09:02:13PM DEVICE   - < status/all 1
09:02:13PM DEVICE   - > network connect ACK
09:02:13PM DEVICE   - < radio/station 879
09:02:13PM DEVICE   - < radio/volume 15
09:02:13PM DEVICE   - < status/all 1
09:02:13PM DEVICE   - > status volume level 0
09:02:13PM DEVICE   - > status led state off
09:02:32PM DEVICE   - < power state on
09:02:33PM DEVICE   - > status volume level 20
09:02:33PM DEVICE   - > status led state on
09:02:34PM DEVICE   - < volume set 21
09:02:34PM DEVICE   - < volume set 22
09:02:34PM DEVICE   - < volume set 23
09:02:34PM DEVICE   - < volume set 24
09:02:35PM DEVICE   - < volume set 25
09:02:35PM DEVICE   - < volume set 26
09:02:35PM DEVICE   - < volume set 27
09:02:35PM DEVICE   - < volume set 28
09:02:35PM DEVICE   - < volume set 29
09:02:35PM DEVICE   - < volume set 30
09:02:35PM DEVICE   - < volume set 31
09:02:35PM DEVICE   - < volume set 32
09:02:35PM DEVICE   - < volume set 33
09:02:36PM DEVICE   - < volume set 34
09:02:36PM DEVICE   - < volume set 35
09:02:36PM DEVICE   - < volume set 36
09:02:36PM DEVICE   - < volume set 37
09:02:36PM DEVICE   - < volume set 38
09:02:36PM DEVICE   - < volume set 39
09:02:36PM DEVICE   - < volume set 40
09:02:36PM DEVICE   - < volume set 41
09:02:36PM DEVICE   - < volume set 42
09:02:37PM DEVICE   - < volume set 43
09:02:37PM DEVICE   - < volume set 44
09:02:37PM DEVICE   - < volume set 45
09:02:37PM DEVICE   - < volume set 46
09:02:37PM DEVICE   - < volume set 47
09:02:39PM DEVICE   - > status volume level 46
09:02:39PM DEVICE   - > status volume level 45
09:02:39PM DEVICE   - > status volume level 44
09:02:39PM DEVICE   - > status volume level 43
09:02:39PM DEVICE   - > status volume level 42
09:02:39PM DEVICE   - > status volume level 41
09:02:39PM DEVICE   - > status volume level 40
09:02:39PM DEVICE   - > status volume level 39
09:02:39PM DEVICE   - > status volume level 38
09:02:39PM DEVICE   - > status volume level 37
09:02:39PM DEVICE   - > status volume level 36
09:02:40PM DEVICE   - > status volume level 35
09:02:40PM DEVICE   - > status volume level 34
09:02:40PM DEVICE   - > status volume level 33
09:02:40PM DEVICE   - > status volume level 32
09:02:40PM DEVICE   - > status volume level 31
09:02:40PM DEVICE   - > status volume level 30
09:02:40PM DEVICE   - > status volume level 29
09:02:41PM DEVICE   - > status volume level 28
09:02:42PM DEVICE   - > status volume level 29
09:02:42PM DEVICE   - > status volume level 30
09:02:42PM DEVICE   - > status volume level 31
09:02:42PM DEVICE   - > status volume level 32
09:02:42PM DEVICE   - > status volume level 33
09:02:42PM DEVICE   - > status volume level 34
09:02:42PM DEVICE   - > status volume level 35
09:02:44PM DEVICE   - > led-button  press
09:02:44PM DEVICE   - < status/all 1
09:02:47PM DEVICE   - < volume set 36
09:02:47PM DEVICE   - < volume set 37
09:02:47PM DEVICE   - < volume set 38
09:02:47PM DEVICE   - < volume set 39
09:02:49PM DEVICE   - > led-button  press
09:02:49PM DEVICE   - < status/all 1
09:02:49PM DEVICE   - > status volume level 39
09:02:54PM DEVICE   - > status volume level 40
09:02:55PM DEVICE   - > status volume level 41
09:02:55PM DEVICE   - > status volume level 42
09:02:55PM DEVICE   - > status volume level 43
09:02:55PM DEVICE   - > status volume level 44
09:02:55PM DEVICE   - > status volume level 45
09:02:55PM DEVICE   - > status volume level 46
09:02:55PM DEVICE   - > status volume level 47
09:02:57PM DEVICE   - > led-button  press
09:02:57PM DEVICE   - < status/all 1
09:03:01PM DEVICE   - < volume set 46
09:03:01PM DEVICE   - < volume set 45
09:03:01PM DEVICE   - < volume set 44
09:03:01PM DEVICE   - < volume set 43
09:03:01PM DEVICE   - < volume set 42
09:03:01PM DEVICE   - < volume set 41
09:03:01PM DEVICE   - < volume set 40
09:03:02PM DEVICE   - < volume set 39
09:03:02PM DEVICE   - < volume set 38
09:03:02PM DEVICE   - < volume set 37
09:03:02PM DEVICE   - < volume set 36
09:03:05PM DEVICE   - > led-button  press
09:03:05PM DEVICE   - < status/all 1
09:03:05PM DEVICE   - > status volume level 36
09:03:49PM DEVICE   - < volume set 35
09:03:49PM DEVICE   - < volume set 34
09:03:49PM DEVICE   - < volume set 33
09:03:49PM DEVICE   - < volume set 32
09:03:50PM DEVICE   - < volume set 31
09:03:50PM DEVICE   - < volume set 30
09:03:50PM DEVICE   - < volume set 29
09:03:51PM DEVICE   - < volume set 30
09:03:51PM DEVICE   - < volume set 31
09:03:51PM DEVICE   - < volume set 32
09:03:51PM DEVICE   - < volume set 33
09:03:52PM DEVICE   - < volume set 34
09:03:52PM DEVICE   - < volume set 35
09:03:52PM DEVICE   - < volume set 36
09:03:52PM DEVICE   - < volume set 37
09:03:53PM DEVICE   - < volume set 38
09:03:53PM DEVICE   - < volume set 39
09:03:53PM DEVICE   - < volume set 40
09:03:53PM DEVICE   - < volume set 41
09:03:53PM DEVICE   - < volume set 42
09:03:53PM DEVICE   - < volume set 43
09:03:54PM DEVICE   - < volume set 44
09:03:56PM DEVICE   - < volume set 45
09:03:56PM DEVICE   - < volume set 46
09:03:56PM DEVICE   - < volume set 47
09:03:56PM DEVICE   - < volume set 46
09:03:57PM DEVICE   - < volume set 45
09:03:57PM DEVICE   - < volume set 44
09:03:57PM DEVICE   - < volume set 43
09:03:57PM DEVICE   - < volume set 42
09:03:57PM DEVICE   - < volume set 41
09:03:57PM DEVICE   - < volume set 40
09:03:59PM DEVICE   - > led-button  press
09:03:59PM DEVICE   - < status/all 1
09:04:01PM DEVICE   - > status volume level 39
09:04:01PM DEVICE   - > status volume level 38
09:04:01PM DEVICE   - > status volume level 37
09:04:01PM DEVICE   - > status volume level 36
09:04:01PM DEVICE   - > status volume level 35
09:04:02PM DEVICE   - > status volume level 34
09:04:02PM DEVICE   - > status volume level 33
09:04:02PM DEVICE   - > status volume level 32
09:04:02PM DEVICE   - > status volume level 31
09:04:02PM DEVICE   - > status volume level 30
09:04:02PM DEVICE   - > status volume level 29
09:04:02PM DEVICE   - > status volume level 28
09:04:02PM DEVICE   - > status volume level 27
09:04:04PM DEVICE   - > led-button  press
09:04:04PM DEVICE   - < status/all 1
09:04:06PM DEVICE   - > status volume level 28
09:04:06PM DEVICE   - > status volume level 29
09:04:06PM DEVICE   - > status volume level 30
09:04:06PM DEVICE   - > status volume level 31
09:04:07PM DEVICE   - > status volume level 32
09:04:07PM DEVICE   - > status volume level 33
09:04:07PM DEVICE   - > status volume level 34
09:04:07PM DEVICE   - > status volume level 35
09:04:07PM DEVICE   - > status volume level 36
09:04:07PM DEVICE   - > status volume level 37
09:04:07PM DEVICE   - > status volume level 38
09:04:07PM DEVICE   - > status volume level 39
09:04:08PM DEVICE   - > status volume level 40
09:04:08PM DEVICE   - > status volume level 39
09:04:08PM DEVICE   - > status volume level 38
09:04:09PM DEVICE   - > status volume level 37
09:04:09PM DEVICE   - > status volume level 36
09:04:09PM DEVICE   - > status volume level 35
09:04:09PM DEVICE   - > status volume level 34
09:04:09PM DEVICE   - > status volume level 33
09:04:09PM DEVICE   - > status volume level 32
09:04:09PM DEVICE   - > status volume level 31
09:04:10PM DEVICE   - > status volume level 32
09:04:10PM DEVICE   - > status volume level 33
09:04:10PM DEVICE   - > status volume level 34
09:04:10PM DEVICE   - > status volume level 35
09:04:10PM DEVICE   - > status volume level 36
09:04:11PM DEVICE   - > status volume level 35
09:04:11PM DEVICE   - > status volume level 34
09:04:11PM DEVICE   - > status volume level 33
09:04:11PM DEVICE   - > status volume level 32
09:04:11PM DEVICE   - > status volume level 31
09:04:11PM DEVICE   - > status volume level 30
09:04:11PM DEVICE   - > status volume level 29
09:04:11PM DEVICE   - > status volume level 28
09:04:12PM DEVICE   - > status volume level 27
09:04:12PM DEVICE   - > status volume level 28
09:04:12PM DEVICE   - > status volume level 29
09:04:12PM DEVICE   - > status volume level 30
09:04:12PM DEVICE   - > status volume level 31
09:04:12PM DEVICE   - > status volume level 32
09:04:12PM DEVICE   - > status volume level 33
09:04:13PM DEVICE   - > status volume level 34
09:04:13PM DEVICE   - > status volume level 35
09:04:13PM DEVICE   - > status volume level 36
09:04:13PM DEVICE   - > status volume level 35
09:04:13PM DEVICE   - > status volume level 34
09:04:13PM DEVICE   - > status volume level 33
09:04:14PM DEVICE   - > status volume level 34
09:04:14PM DEVICE   - > status volume level 35
09:04:14PM DEVICE   - > status volume level 36
09:04:14PM DEVICE   - > status volume level 37
09:04:14PM DEVICE   - > status volume level 38
09:04:15PM DEVICE   - > status volume level 37
09:04:15PM DEVICE   - > status volume level 36
09:04:15PM DEVICE   - > status volume level 35
09:04:15PM DEVICE   - > status volume level 34
09:04:15PM DEVICE   - > status volume level 33
09:04:15PM DEVICE   - > status volume level 32
09:04:15PM DEVICE   - > status volume level 31
09:04:15PM DEVICE   - > status volume level 30
09:04:15PM DEVICE   - > status volume level 29
09:04:15PM DEVICE   - > status volume level 28
09:04:15PM DEVICE   - > status volume level 27
09:04:15PM DEVICE   - > status volume level 26
09:04:15PM DEVICE   - > status volume level 25
09:04:15PM DEVICE   - > status volume level 24
09:04:16PM DEVICE   - > status volume level 23
09:04:16PM DEVICE   - > status volume level 22
09:04:16PM DEVICE   - > status volume level 21
09:04:16PM DEVICE   - > status volume level 22
09:04:16PM DEVICE   - > status volume level 23
09:04:16PM DEVICE   - > status volume level 24
09:04:16PM DEVICE   - > status volume level 25
09:04:17PM DEVICE   - > status volume level 26
09:04:17PM DEVICE   - > status volume level 27
09:04:17PM DEVICE   - > status volume level 28
09:04:17PM DEVICE   - > status volume level 29
09:04:17PM DEVICE   - > status volume level 30
09:04:17PM DEVICE   - > status volume level 31
09:04:17PM DEVICE   - > status volume level 32
09:04:17PM DEVICE   - > status volume level 33
09:04:17PM DEVICE   - > status volume level 34
09:04:17PM DEVICE   - > status volume level 35
09:04:17PM DEVICE   - > status volume level 36
09:04:18PM DEVICE   - > status volume level 37
09:04:18PM DEVICE   - > status volume level 38
09:04:18PM DEVICE   - > status volume level 39
09:04:18PM DEVICE   - > status volume level 38
09:04:18PM DEVICE   - > status volume level 37
09:04:19PM DEVICE   - > status volume level 36
09:04:19PM DEVICE   - > status volume level 35
09:04:19PM DEVICE   - > status volume level 34
09:04:19PM DEVICE   - > status volume level 33
09:04:19PM DEVICE   - > status volume level 32
09:04:19PM DEVICE   - > status volume level 31
09:04:20PM DEVICE   - < volume set 32
09:04:20PM DEVICE   - < volume set 33
09:04:20PM DEVICE   - < volume set 34
09:04:20PM DEVICE   - < volume set 35
09:04:21PM DEVICE   - < volume set 36
09:04:21PM DEVICE   - < volume set 37
09:04:22PM DEVICE   - < volume set 38
09:04:22PM DEVICE   - < volume set 39
09:04:22PM DEVICE   - < volume set 40
09:04:22PM DEVICE   - < volume set 41
09:04:23PM DEVICE   - < volume set 42
09:04:23PM DEVICE   - < volume set 41
09:04:24PM DEVICE   - < volume set 40
09:04:24PM DEVICE   - < volume set 39
09:04:24PM DEVICE   - < volume set 38
09:04:24PM DEVICE   - < volume set 37
09:04:24PM DEVICE   - < volume set 36
09:04:24PM DEVICE   - < volume set 35
09:04:25PM DEVICE   - < volume set 34
09:04:25PM DEVICE   - < volume set 33
09:04:25PM DEVICE   - < volume set 32
09:04:25PM DEVICE   - < volume set 31
09:04:25PM DEVICE   - < volume set 30
09:04:25PM DEVICE   - < volume set 29
09:04:26PM DEVICE   - < volume set 28
09:04:32PM DEVICE   - < volume set 29
09:04:32PM DEVICE   - < volume set 30
09:04:32PM DEVICE   - < volume set 31
09:04:32PM DEVICE   - < volume set 32
09:04:32PM DEVICE   - < volume set 33
09:04:33PM DEVICE   - < volume set 34
09:04:33PM DEVICE   - < volume set 35
09:04:33PM DEVICE   - < volume set 36
09:04:33PM DEVICE   - < volume set 37
09:04:33PM DEVICE   - < volume set 38
09:04:34PM DEVICE   - < volume set 39
09:04:34PM DEVICE   - < volume set 40
09:04:35PM DEVICE   - < volume set 41
09:04:35PM DEVICE   - < volume set 42
09:04:35PM DEVICE   - < volume set 43
09:04:35PM DEVICE   - < volume set 44
09:04:36PM DEVICE   - < volume set 43
09:04:36PM DEVICE   - < volume set 42
09:04:36PM DEVICE   - < volume set 41
09:04:36PM DEVICE   - < volume set 40
09:04:36PM DEVICE   - < volume set 39
09:04:37PM DEVICE   - < volume set 38
09:04:37PM DEVICE   - < volume set 37
09:04:37PM DEVICE   - < volume set 36
09:04:37PM DEVICE   - < volume set 35
09:04:38PM DEVICE   - < volume set 34
09:04:38PM DEVICE   - < volume set 33
09:04:38PM DEVICE   - < volume set 32
09:04:38PM DEVICE   - < volume set 31
09:04:38PM DEVICE   - < volume set 30
09:04:38PM DEVICE   - < volume set 29
09:04:39PM DEVICE   - < volume set 28
09:04:39PM DEVICE   - < volume set 27
09:04:39PM DEVICE   - < volume set 26
09:04:39PM DEVICE   - < volume set 25
09:04:39PM DEVICE   - < volume set 24
09:04:40PM DEVICE   - < volume set 23
09:04:40PM DEVICE   - < volume set 22
09:04:40PM DEVICE   - < volume set 21
09:04:40PM DEVICE   - < volume set 22
09:04:41PM DEVICE   - < volume set 23
09:04:41PM DEVICE   - < volume set 24
09:04:41PM DEVICE   - < volume set 25
09:04:41PM DEVICE   - < volume set 26
09:04:41PM DEVICE   - < volume set 27
09:04:41PM DEVICE   - < volume set 28
09:04:41PM DEVICE   - < volume set 29
09:04:41PM DEVICE   - < volume set 30
09:04:42PM DEVICE   - < volume set 31
09:04:42PM DEVICE   - < volume set 32
09:04:42PM DEVICE   - < volume set 33
09:04:43PM DEVICE   - < power state off
09:04:44PM DEVICE   - > status volume level 0
09:04:44PM DEVICE   - > status led state off
09:04:52PM DEVICE   - < power state on
09:04:53PM DEVICE   - > status volume level 20
09:04:53PM DEVICE   - > status led state on
09:05:04PM SERVER   - RESET THIS DEVICE 48ff6b065067555039091087
09:05:04PM DEVICE   - > status power state off
09:05:04PM DEVICE   - > status network connected false
09:05:04PM DEVICE   - > status volume level 0
